<?xml version="1.0" encoding="UTF-8"?>
<!-- Generated by org.testng.reporters.JUnitReportReporter -->
<testsuite hostname="Abhays-MacBook-Pro.local" failures="0" tests="1" name="ExcelSamples.Excelutil5" time="0.817" errors="0" timestamp="2021-07-15T17:48:45 CDT" skipped="0">
  <testcase classname="ExcelSamples.Excelutil5" name="testM" time="0.817"/>
  <system-out/>
</testsuite> <!-- ExcelSamples.Excelutil5 -->
