<?xml version="1.0" encoding="UTF-8"?>
<!-- Generated by org.testng.reporters.JUnitReportReporter -->
<testsuite hostname="Abhays-MacBook-Pro.local" failures="0" tests="3" name="Excelutilities.ExcelScripts" time="1.228" errors="0" timestamp="2021-07-16T13:50:21 CDT" skipped="0">
  <testcase classname="Excelutilities.ExcelScripts" name="testMethod" time="0.092"/>
  <system-out/>
  <testcase classname="Excelutilities.ExcelScripts" name="testmethod" time="0.080"/>
  <system-out/>
  <testcase classname="Excelutilities.ExcelScripts" name="testM" time="1.056"/>
  <system-out/>
</testsuite> <!-- Excelutilities.ExcelScripts -->
