<?xml version="1.0" encoding="UTF-8"?>
<!-- Generated by org.testng.reporters.JUnitReportReporter -->
<testsuite hostname="Abhays-MacBook-Pro.local" failures="0" tests="1" name="Scripts.Sign_inTest2" time="17.921" errors="0" timestamp="2021-08-17T13:32:19 CDT" skipped="0">
  <testcase classname="Scripts.Sign_inTest2" name="signin" time="17.921"/>
  <system-out/>
</testsuite> <!-- Scripts.Sign_inTest2 -->
