<?xml version="1.0" encoding="UTF-8"?>
<!-- Generated by org.testng.reporters.JUnitReportReporter -->
<testsuite hostname="Abhays-MacBook-Pro.local" failures="0" tests="1" name="ExcelSamples.Excelutil4" time="0.954" errors="0" timestamp="2021-07-20T13:13:55 CDT" skipped="0">
  <testcase classname="ExcelSamples.Excelutil4" name="testMethod" time="0.954"/>
  <system-out/>
</testsuite> <!-- ExcelSamples.Excelutil4 -->
