<?xml version="1.0" encoding="UTF-8"?>
<!-- Generated by org.testng.reporters.JUnitReportReporter -->
<testsuite hostname="Abhays-MacBook-Pro.local" failures="0" tests="2" name="ExcelSamples.ParallelExcecution" time="28.644" errors="0" timestamp="2021-07-27T13:35:41 CDT" skipped="0">
  <testcase classname="ExcelSamples.ParallelExcecution" name="test1" time="13.910"/>
  <system-out/>
  <testcase classname="ExcelSamples.ParallelExcecution" name="test2" time="14.734"/>
  <system-out/>
</testsuite> <!-- ExcelSamples.ParallelExcecution -->
