<?xml version="1.0" encoding="UTF-8"?>
<!-- Generated by org.testng.reporters.JUnitReportReporter -->
<testsuite hostname="Abhays-MacBook-Pro.local" failures="0" tests="1" name="Excelutilities.SigninusingExcel" time="15.715" errors="0" timestamp="2021-07-21T12:54:28 CDT" skipped="0">
  <testcase classname="Excelutilities.SigninusingExcel" name="signinExcel" time="15.715"/>
  <system-out/>
</testsuite> <!-- Excelutilities.SigninusingExcel -->
