<?xml version="1.0" encoding="UTF-8"?>
<!-- Generated by org.testng.reporters.JUnitReportReporter -->
<testsuite hostname="Abhays-MacBook-Pro.local" failures="0" tests="1" name="ExcelSamples.Excelutils1" time="0.720" errors="0" timestamp="2021-07-15T17:59:00 CDT" skipped="0">
  <testcase classname="ExcelSamples.Excelutils1" name="testmethod" time="0.720"/>
  <system-out/>
</testsuite> <!-- ExcelSamples.Excelutils1 -->
