<?xml version="1.0" encoding="UTF-8"?>
<!-- Generated by org.testng.reporters.JUnitReportReporter -->
<testsuite hostname="Abhays-MacBook-Pro.local" failures="0" tests="1" name="Scripts.Printeddresstest4" time="20.519" errors="0" timestamp="2021-08-17T13:30:27 CDT" skipped="0">
  <testcase classname="Scripts.Printeddresstest4" name="searching" time="20.519"/>
  <system-out/>
</testsuite> <!-- Scripts.Printeddresstest4 -->
