<?xml version="1.0" encoding="UTF-8"?>
<!-- Generated by org.testng.reporters.JUnitReportReporter -->
<testsuite hostname="Abhays-MacBook-Pro.local" failures="0" tests="1" name="ExcelSamples.Handle_Alert" time="7.666" errors="0" timestamp="2021-07-28T16:19:16 CDT" skipped="0">
  <testcase classname="ExcelSamples.Handle_Alert" name="login" time="7.666"/>
  <system-out/>
</testsuite> <!-- ExcelSamples.Handle_Alert -->
