<?xml version="1.0" encoding="UTF-8"?>
<!-- Generated by org.testng.reporters.JUnitReportReporter -->
<testsuite hostname="Abhays-MacBook-Pro.local" failures="0" tests="3" name="ExcelSamples.ParallelEX" time="0.017" errors="0" timestamp="2021-08-05T15:56:45 CDT" skipped="0">
  <testcase classname="ExcelSamples.ParallelEX" name="test1" time="0.010"/>
  <system-out/>
  <testcase classname="ExcelSamples.ParallelEX" name="test3" time="0.004"/>
  <system-out/>
  <testcase classname="ExcelSamples.ParallelEX" name="test2" time="0.003"/>
  <system-out/>
</testsuite> <!-- ExcelSamples.ParallelEX -->
