<?xml version="1.0" encoding="UTF-8"?>
<!-- Generated by org.testng.reporters.JUnitReportReporter -->
<testsuite hostname="Abhays-MacBook-Pro.local" failures="0" tests="1" name="Scripts.TestingExcel" time="1.172" errors="0" timestamp="2021-07-19T16:31:28 CDT" skipped="0">
  <testcase classname="Scripts.TestingExcel" name="Testingfunctions" time="1.172"/>
  <system-out/>
</testsuite> <!-- Scripts.TestingExcel -->
