<?xml version="1.0" encoding="UTF-8"?>
<!-- Generated by org.testng.reporters.JUnitReportReporter -->
<testsuite hostname="Abhays-MacBook-Pro.local" failures="0" tests="2" name="Grid.LoginwithGrid" time="4.009" errors="0" timestamp="2021-08-23T13:46:47 CDT" skipped="0">
  <testcase classname="Grid.LoginwithGrid" name="setUp" time="2.820"/>
  <system-out/>
  <testcase classname="Grid.LoginwithGrid" name="Login" time="1.189"/>
  <system-out/>
</testsuite> <!-- Grid.LoginwithGrid -->
